<?xml version="1.0" encoding="UTF-8"?>
<coverage generated="1711875341">
  <project timestamp="1711875341">
    <file name="[...]\phpunit-coverage-check\src\Application.php">
      <class name="Esi\CoverageCheck\Application" namespace="global">
        <metrics complexity="2" methods="2" coveredmethods="2" conditionals="0" coveredconditionals="0" statements="8" coveredstatements="8" elements="10" coveredelements="10"/>
      </class>
      <line num="36" type="method" name="configureIO" visibility="protected" complexity="1" crap="1" count="12"/>
      <line num="39" type="stmt" count="12"/>
      <line num="40" type="stmt" count="12"/>
      <line num="52" type="method" name="getDefaultInputDefinition" visibility="protected" complexity="1" crap="1" count="15"/>
      <line num="55" type="stmt" count="15"/>
      <line num="56" type="stmt" count="15"/>
      <line num="57" type="stmt" count="15"/>
      <line num="58" type="stmt" count="15"/>
      <line num="59" type="stmt" count="15"/>
      <line num="60" type="stmt" count="15"/>
      <metrics loc="63" ncloc="34" classes="1" methods="2" coveredmethods="2" conditionals="0" coveredconditionals="0" statements="8" coveredstatements="8" elements="10" coveredelements="10"/>
    </file>
    <file name="[...]\phpunit-coverage-check\src\Command\CoverageCheckCommand.php">
      <class name="Esi\CoverageCheck\Command\CoverageCheckCommand" namespace="global">
        <metrics complexity="15" methods="4" coveredmethods="4" conditionals="0" coveredconditionals="0" statements="73" coveredstatements="73" elements="77" coveredelements="77"/>
      </class>
      <line num="41" type="method" name="__construct" visibility="public" complexity="1" crap="1" count="15"/>
      <line num="43" type="stmt" count="15"/>
      <line num="49" type="method" name="configure" visibility="protected" complexity="1" crap="1" count="15"/>
      <line num="52" type="stmt" count="15"/>
      <line num="53" type="stmt" count="15"/>
      <line num="54" type="stmt" count="15"/>
      <line num="55" type="stmt" count="15"/>
      <line num="56" type="stmt" count="15"/>
      <line num="57" type="stmt" count="15"/>
      <line num="58" type="stmt" count="15"/>
      <line num="59" type="stmt" count="15"/>
      <line num="60" type="stmt" count="15"/>
      <line num="74" type="stmt" count="15"/>
      <line num="75" type="stmt" count="15"/>
      <line num="76" type="stmt" count="15"/>
      <line num="84" type="method" name="execute" visibility="protected" complexity="9" crap="9" count="15"/>
      <line num="87" type="stmt" count="15"/>
      <line num="90" type="stmt" count="15"/>
      <line num="93" type="stmt" count="15"/>
      <line num="95" type="stmt" count="15"/>
      <line num="96" type="stmt" count="15"/>
      <line num="97" type="stmt" count="15"/>
      <line num="113" type="stmt" count="9"/>
      <line num="114" type="stmt" count="3"/>
      <line num="116" type="stmt" count="3"/>
      <line num="120" type="stmt" count="6"/>
      <line num="121" type="stmt" count="2"/>
      <line num="123" type="stmt" count="2"/>
      <line num="124" type="stmt" count="2"/>
      <line num="125" type="stmt" count="2"/>
      <line num="126" type="stmt" count="2"/>
      <line num="128" type="stmt" count="2"/>
      <line num="129" type="stmt" count="1"/>
      <line num="132" type="stmt" count="1"/>
      <line num="136" type="stmt" count="4"/>
      <line num="137" type="stmt" count="4"/>
      <line num="138" type="stmt" count="4"/>
      <line num="141" type="stmt" count="4"/>
      <line num="142" type="stmt" count="2"/>
      <line num="143" type="stmt" count="2"/>
      <line num="144" type="stmt" count="1"/>
      <line num="145" type="stmt" count="2"/>
      <line num="146" type="stmt" count="2"/>
      <line num="147" type="stmt" count="2"/>
      <line num="149" type="stmt" count="2"/>
      <line num="153" type="stmt" count="2"/>
      <line num="154" type="stmt" count="2"/>
      <line num="155" type="stmt" count="1"/>
      <line num="156" type="stmt" count="2"/>
      <line num="157" type="stmt" count="2"/>
      <line num="158" type="stmt" count="2"/>
      <line num="160" type="stmt" count="2"/>
      <line num="166" type="method" name="buildFileTable" visibility="protected" complexity="4" crap="4" count="2"/>
      <line num="168" type="stmt" count="2"/>
      <line num="169" type="stmt" count="2"/>
      <line num="171" type="stmt" count="2"/>
      <line num="172" type="stmt" count="2"/>
      <line num="174" type="stmt" count="2"/>
      <line num="175" type="stmt" count="2"/>
      <line num="176" type="stmt" count="2"/>
      <line num="177" type="stmt" count="2"/>
      <line num="178" type="stmt" count="2"/>
      <line num="179" type="stmt" count="2"/>
      <line num="180" type="stmt" count="2"/>
      <line num="181" type="stmt" count="2"/>
      <line num="183" type="stmt" count="2"/>
      <line num="184" type="stmt" count="2"/>
      <line num="187" type="stmt" count="2"/>
      <line num="188" type="stmt" count="2"/>
      <line num="189" type="stmt" count="2"/>
      <line num="190" type="stmt" count="2"/>
      <line num="191" type="stmt" count="2"/>
      <line num="192" type="stmt" count="2"/>
      <line num="193" type="stmt" count="2"/>
      <line num="194" type="stmt" count="2"/>
      <line num="195" type="stmt" count="2"/>
      <line num="197" type="stmt" count="2"/>
      <metrics loc="200" ncloc="167" classes="1" methods="4" coveredmethods="4" conditionals="0" coveredconditionals="0" statements="73" coveredstatements="73" elements="77" coveredelements="77"/>
    </file>
    <file name="[...]\phpunit-coverage-check\src\CoverageCheck.php">
      <class name="Esi\CoverageCheck\CoverageCheck" namespace="global">
        <metrics complexity="25" methods="10" coveredmethods="10" conditionals="0" coveredconditionals="0" statements="53" coveredstatements="53" elements="63" coveredelements="63"/>
      </class>
      <line num="66" type="method" name="__construct" visibility="public" complexity="1" crap="1" count="28"/>
      <line num="68" type="method" name="getCloverFile" visibility="public" complexity="1" crap="1" count="1"/>
      <line num="70" type="stmt" count="1"/>
      <line num="73" type="method" name="getOnlyPercentage" visibility="public" complexity="1" crap="1" count="5"/>
      <line num="75" type="stmt" count="5"/>
      <line num="78" type="method" name="getThreshold" visibility="public" complexity="1" crap="1" count="5"/>
      <line num="80" type="stmt" count="5"/>
      <line num="92" type="method" name="nonConsoleCall" visibility="public" complexity="5" crap="5" count="8"/>
      <line num="94" type="stmt" count="8"/>
      <line num="95" type="stmt" count="8"/>
      <line num="96" type="stmt" count="8"/>
      <line num="98" type="stmt" count="8"/>
      <line num="100" type="stmt" count="5"/>
      <line num="101" type="stmt" count="1"/>
      <line num="104" type="stmt" count="4"/>
      <line num="105" type="stmt" count="1"/>
      <line num="106" type="stmt" count="1"/>
      <line num="107" type="stmt" count="1"/>
      <line num="108" type="stmt" count="1"/>
      <line num="109" type="stmt" count="1"/>
      <line num="112" type="stmt" count="3"/>
      <line num="113" type="stmt" count="2"/>
      <line num="116" type="stmt" count="1"/>
      <line num="129" type="method" name="process" visibility="public" complexity="2" crap="2" count="17"/>
      <line num="131" type="stmt" count="17"/>
      <line num="132" type="stmt" count="11"/>
      <line num="134" type="stmt" count="11"/>
      <line num="135" type="stmt" count="3"/>
      <line num="138" type="stmt" count="8"/>
      <line num="147" type="method" name="processByFile" visibility="public" complexity="5" crap="5" count="3"/>
      <line num="149" type="stmt" count="3"/>
      <line num="150" type="stmt" count="3"/>
      <line num="152" type="stmt" count="3"/>
      <line num="153" type="stmt" count="3"/>
      <line num="154" type="stmt" count="1"/>
      <line num="157" type="stmt" count="2"/>
      <line num="158" type="stmt" count="2"/>
      <line num="159" type="stmt" count="2"/>
      <line num="160" type="stmt" count="2"/>
      <line num="161" type="stmt" count="2"/>
      <line num="163" type="stmt" count="2"/>
      <line num="166" type="stmt" count="3"/>
      <line num="167" type="stmt" count="2"/>
      <line num="170" type="stmt" count="3"/>
      <line num="171" type="stmt" count="1"/>
      <line num="174" type="stmt" count="2"/>
      <line num="175" type="stmt" count="2"/>
      <line num="176" type="stmt" count="2"/>
      <line num="177" type="stmt" count="2"/>
      <line num="183" type="method" name="setCloverFile" visibility="public" complexity="2" crap="2" count="25"/>
      <line num="185" type="stmt" count="25"/>
      <line num="186" type="stmt" count="2"/>
      <line num="189" type="stmt" count="23"/>
      <line num="191" type="stmt" count="23"/>
      <line num="194" type="method" name="setOnlyPercentage" visibility="public" complexity="1" crap="1" count="21"/>
      <line num="196" type="stmt" count="21"/>
      <line num="198" type="stmt" count="21"/>
      <line num="204" type="method" name="setThreshold" visibility="public" complexity="2" crap="2" count="24"/>
      <line num="206" type="stmt" count="24"/>
      <line num="207" type="stmt" count="3"/>
      <line num="210" type="stmt" count="21"/>
      <line num="212" type="stmt" count="21"/>
      <metrics loc="245" ncloc="166" classes="1" methods="10" coveredmethods="10" conditionals="0" coveredconditionals="0" statements="53" coveredstatements="53" elements="63" coveredelements="63"/>
    </file>
    <file name="[...]\phpunit-coverage-check\src\Style\CoverageCheckStyle.php">
      <class name="Esi\CoverageCheck\Style\CoverageCheckStyle" namespace="global">
        <metrics complexity="4" methods="2" coveredmethods="2" conditionals="0" coveredconditionals="0" statements="2" coveredstatements="2" elements="4" coveredelements="4"/>
      </class>
      <line num="27" type="method" name="error" visibility="public" complexity="2" crap="2" count="8"/>
      <line num="30" type="stmt" count="8"/>
      <line num="38" type="method" name="success" visibility="public" complexity="2" crap="2" count="2"/>
      <line num="41" type="stmt" count="2"/>
      <metrics loc="44" ncloc="24" classes="1" methods="2" coveredmethods="2" conditionals="0" coveredconditionals="0" statements="2" coveredstatements="2" elements="4" coveredelements="4"/>
    </file>
    <file name="[...]\phpunit-coverage-check\src\Utils.php">
      <class name="Esi\CoverageCheck\Utils" namespace="global">
        <metrics complexity="10" methods="4" coveredmethods="4" conditionals="0" coveredconditionals="0" statements="12" coveredstatements="12" elements="16" coveredelements="16"/>
      </class>
      <line num="28" type="method" name="formatCoverage" visibility="public" complexity="1" crap="1" count="4"/>
      <line num="30" type="stmt" count="4"/>
      <line num="44" type="method" name="isPossiblyClover" visibility="public" complexity="5" crap="5" count="8"/>
      <line num="46" type="stmt" count="8"/>
      <line num="47" type="stmt" count="1"/>
      <line num="50" type="stmt" count="7"/>
      <line num="52" type="stmt" count="7"/>
      <line num="53" type="stmt" count="1"/>
      <line num="56" type="stmt" count="6"/>
      <line num="57" type="stmt" count="1"/>
      <line num="60" type="stmt" count="5"/>
      <line num="62" type="stmt" count="5"/>
      <line num="68" type="method" name="validateCloverFile" visibility="public" complexity="2" crap="2" count="10"/>
      <line num="70" type="stmt" count="10"/>
      <line num="76" type="method" name="validateThreshold" visibility="public" complexity="2" crap="2" count="10"/>
      <line num="78" type="stmt" count="10"/>
      <metrics loc="81" ncloc="51" classes="1" methods="4" coveredmethods="4" conditionals="0" coveredconditionals="0" statements="12" coveredstatements="12" elements="16" coveredelements="16"/>
    </file>
    <metrics files="5" loc="633" ncloc="442" classes="5" methods="22" coveredmethods="22" conditionals="0" coveredconditionals="0" statements="148" coveredstatements="148" elements="170" coveredelements="170"/>
  </project>
</coverage>
